66.32124352331606
66.32124352331606
66.66666666666667
67.01570680628272
68.44919786096257
66.32124352331606
66.66666666666667
66.32124352331606
66.32124352331606
66.32124352331606
66.32124352331606
0.00013264248704663212
0.00013264248704663212
0.00018156028368794327
0.00018028169014084507
0.000179020979020979
0.000128643216080402
0.0001292929292929293
0.00018686131386861315
0.00013544973544973545
0.0001610062893081761
0.00015900621118012423
0.00013403141361256545
0.00013403141361256545
0.00013403141361256545
1.3333333333333333
1.3264248704663213
1.2736318407960199
1.841726618705036
1.8686131386861313
1.3333333333333333
1.3264248704663213
1.3264248704663213
1.3264248704663213
1.3264248704663213
2.1333333333333333
2.1512605042016806
1.3333333333333333
1.6623376623376624
1.6305732484076434
1.6623376623376624
1.3333333333333333
1.3333333333333333
3.878787878787879
3.878787878787879
3.9384615384615387
3.9384615384615387
3.3684210526315788
2.245614035087719
2.206896551724138
2.206896551724138
3.9384615384615387
3.878787878787879
3.9384615384615387
4.0
3.9384615384615387
4.0
3.9384615384615387
3.9384615384615387
4.0
4.0
4.0
4.0
4.0
4.0
4.0
4.063492063492063
4.063492063492063
3.9384615384615387
